<?xml version="1.0" encoding="UTF-8"?>
<!-- Generated by org.testng.reporters.JUnitXMLReporter -->
<testsuite ignored="0" hostname="DESKTOP-EUMGPVE" failures="1" tests="1" name="EdgeTest" time="132.121" errors="0" timestamp="2023-08-10T23:30:31 IST">
  <testcase classname="testCases.TC_001_AccountRegistrationTest" name="test_account_registration" time="56.755">
    <failure type="java.lang.AssertionError" message="The following asserts failed:
	Home Page Url expected [https://automationexercise.com/] but found [https://automationexercise.com/account_created#google_vignette]">
      <![CDATA[java.lang.AssertionError: The following asserts failed:
Home Page Url expected [https://automationexercise.com/] but found [https://automationexercise.com/account_created#google_vignette]
at testCases.TC_001_AccountRegistrationTest.test_account_registration(TC_001_AccountRegistrationTest.java:193)
at java.base/java.util.ArrayList.forEach(ArrayList.java:1510)
at java.base/java.util.concurrent.FutureTask.run(FutureTask.java:264)
at java.base/java.util.concurrent.ThreadPoolExecutor.runWorker(ThreadPoolExecutor.java:1130)
at java.base/java.util.concurrent.ThreadPoolExecutor$Worker.run(ThreadPoolExecutor.java:630)
at java.base/java.lang.Thread.run(Thread.java:832)
... Removed 20 stack frames]]>
    </failure>
  </testcase> <!-- test_account_registration -->
</testsuite> <!-- EdgeTest -->
