<?xml version="1.0" encoding="UTF-8"?>
<!-- Generated by org.testng.reporters.JUnitXMLReporter -->
<testsuite ignored="1" hostname="DESKTOP-EUMGPVE" failures="1" tests="6" name="Test" time="237.719" errors="0" timestamp="2023-08-14T13:42:20 IST">
  <testcase classname="testCases.TC_001_AccountRegistrationTest" name="test_account_registration" time="41.818">
    <failure type="java.lang.AssertionError" message="The following asserts failed:
	Url of Account Info/Signup Page expected [https://automationexercise.com/signups] but found [https://automationexercise.com/signup],
	Delete Account Url expected [https://automationexercise.com/delete_accounts] but found [https://automationexercise.com/delete_account]">
      <![CDATA[java.lang.AssertionError: The following asserts failed:
Url of Account Info/Signup Page expected [https://automationexercise.com/signups] but found [https://automationexercise.com/signup],
Delete Account Url expected [https://automationexercise.com/delete_accounts] but found [https://automationexercise.com/delete_account]
at testCases.TC_001_AccountRegistrationTest.test_account_registration(TC_001_AccountRegistrationTest.java:205)
at java.base/java.util.ArrayList.forEach(ArrayList.java:1510)
... Removed 29 stack frames]]>
    </failure>
  </testcase> <!-- test_account_registration -->
  <testcase classname="testCases.TC_003_DDT_LoginTest" name="test_DDT_Login" time="13.944"/>
  <testcase classname="testCases.TC_003_DDT_LoginTest" name="test_DDT_Login" time="38.829"/>
  <testcase classname="testCases.TC_003_DDT_LoginTest" name="test_DDT_Login" time="38.234"/>
  <testcase classname="testCases.TC_003_DDT_LoginTest" name="test_DDT_Login" time="36.802"/>
  <testcase classname="testCases.TC_003_DDT_LoginTest" name="test_DDT_Login" time="14.157"/>
  <testcase classname="testCases.TC_002_LoginTest" name="test_login" time="0.0">
    <ignored/>
  </testcase> <!-- test_login -->
</testsuite> <!-- Test -->
