<?xml version="1.0" encoding="UTF-8"?>
<!-- Generated by org.testng.reporters.JUnitXMLReporter -->
<testsuite ignored="0" hostname="DESKTOP-EUMGPVE" failures="1" tests="1" name="Test(failed)" time="113.162" errors="0" timestamp="2023-08-14T13:54:35 IST">
  <testcase classname="testCases.TC_001_AccountRegistrationTest" name="test_account_registration" time="50.719">
    <failure type="java.lang.AssertionError" message="The following asserts failed:
	Url of Account Info/Signup Page expected [https://automationexercise.com/signups] but found [https://automationexercise.com/signup]">
      <![CDATA[java.lang.AssertionError: The following asserts failed:
Url of Account Info/Signup Page expected [https://automationexercise.com/signups] but found [https://automationexercise.com/signup]
at testCases.TC_001_AccountRegistrationTest.test_account_registration(TC_001_AccountRegistrationTest.java:205)
at java.base/java.util.ArrayList.forEach(ArrayList.java:1510)
... Removed 29 stack frames]]>
    </failure>
  </testcase> <!-- test_account_registration -->
</testsuite> <!-- Test(failed) -->
